[0;36m[INFO][0m Initializing project setup...
[0;36m[INFO][0m Checking for virtual environment...
[0;36m[INFO][0m No virtual environment found. Create a new .venv file.
[0;32m[SUCCESS][0m Virtual environment created and activated.
[0;36m[INFO][0m Upgrading pip to the latest version...
Requirement already satisfied: pip in ./.venv/lib/python3.12/site-packages (24.0)
Collecting pip
  Downloading pip-25.3-py3-none-any.whl.metadata (4.7 kB)
Downloading pip-25.3-py3-none-any.whl (1.8 MB)
   â”â”â”â”â”â”â”â”â”â”â”â”â”â”â”â”â”â”â”â”â”â”â”â”â”â”â”â”â”â”â”â”â”â”â”â”â”â”â”â” 1.8/1.8 MB 2.1 MB/s eta 0:00:00
Installing collected packages: pip
  Attempting uninstall: pip
    Found existing installation: pip 24.0
    Uninstalling pip-24.0:
      Successfully uninstalled pip-24.0
Successfully installed pip-25.3
[0;32m[SUCCESS][0m Pip has been upgraded.
[0;36m[INFO][0m Creating .gitignore file...
[0;32m[SUCCESS][0m .gitignore created.
[0;36m[INFO][0m Installing required Python packages (numpy, pandas and matplotlib)...
Collecting numpy
  Downloading numpy-2.3.4-cp312-cp312-manylinux_2_27_x86_64.manylinux_2_28_x86_64.whl.metadata (62 kB)
Collecting pandas
  Downloading pandas-2.3.3-cp312-cp312-manylinux_2_24_x86_64.manylinux_2_28_x86_64.whl.metadata (91 kB)
Collecting matplotlib
  Downloading matplotlib-3.10.7-cp312-cp312-manylinux2014_x86_64.manylinux_2_17_x86_64.whl.metadata (11 kB)
Collecting python-dateutil>=2.8.2 (from pandas)
  Downloading python_dateutil-2.9.0.post0-py2.py3-none-any.whl.metadata (8.4 kB)
Collecting pytz>=2020.1 (from pandas)
  Downloading pytz-2025.2-py2.py3-none-any.whl.metadata (22 kB)
Collecting tzdata>=2022.7 (from pandas)
  Downloading tzdata-2025.2-py2.py3-none-any.whl.metadata (1.4 kB)
Collecting contourpy>=1.0.1 (from matplotlib)
  Downloading contourpy-1.3.3-cp312-cp312-manylinux_2_27_x86_64.manylinux_2_28_x86_64.whl.metadata (5.5 kB)
Collecting cycler>=0.10 (from matplotlib)
  Downloading cycler-0.12.1-py3-none-any.whl.metadata (3.8 kB)
Collecting fonttools>=4.22.0 (from matplotlib)
  Downloading fonttools-4.60.1-cp312-cp312-manylinux1_x86_64.manylinux2014_x86_64.manylinux_2_17_x86_64.manylinux_2_5_x86_64.whl.metadata (112 kB)
Collecting kiwisolver>=1.3.1 (from matplotlib)
  Downloading kiwisolver-1.4.9-cp312-cp312-manylinux2014_x86_64.manylinux_2_17_x86_64.whl.metadata (6.3 kB)
Collecting packaging>=20.0 (from matplotlib)
  Downloading packaging-25.0-py3-none-any.whl.metadata (3.3 kB)
Collecting pillow>=8 (from matplotlib)
  Downloading pillow-12.0.0-cp312-cp312-manylinux_2_27_x86_64.manylinux_2_28_x86_64.whl.metadata (8.8 kB)
Collecting pyparsing>=3 (from matplotlib)
  Downloading pyparsing-3.2.5-py3-none-any.whl.metadata (5.0 kB)
Collecting six>=1.5 (from python-dateutil>=2.8.2->pandas)
  Downloading six-1.17.0-py2.py3-none-any.whl.metadata (1.7 kB)
Downloading numpy-2.3.4-cp312-cp312-manylinux_2_27_x86_64.manylinux_2_28_x86_64.whl (16.6 MB)
   â”â”â”â”â”â”â”â”â”â”â”â”â”â”â”â”â”â”â”â”â”â”â”â”â”â”â”â”â”â”â”â”â”â”â”â”â”â”â”â” 16.6/16.6 MB 3.8 MB/s  0:00:04
Downloading pandas-2.3.3-cp312-cp312-manylinux_2_24_x86_64.manylinux_2_28_x86_64.whl (12.4 MB)
   â”â”â”â”â”â”â”â”â”â”â”â”â”â”â”â”â”â”â”â”â”â”â”â”â”â”â”â”â”â”â”â”â”â”â”â”â”â”â”â” 12.4/12.4 MB 3.9 MB/s  0:00:03
Downloading matplotlib-3.10.7-cp312-cp312-manylinux2014_x86_64.manylinux_2_17_x86_64.whl (8.7 MB)
   â”â”â”â”â”â”â”â”â”â”â”â”â”â”â”â”â”â”â”â”â”â”â”â”â”â”â”â”â”â”â”â”â”â”â”â”â”â”â”â” 8.7/8.7 MB 2.7 MB/s  0:00:03
Downloading contourpy-1.3.3-cp312-cp312-manylinux_2_27_x86_64.manylinux_2_28_x86_64.whl (362 kB)
Downloading cycler-0.12.1-py3-none-any.whl (8.3 kB)
Downloading fonttools-4.60.1-cp312-cp312-manylinux1_x86_64.manylinux2014_x86_64.manylinux_2_17_x86_64.manylinux_2_5_x86_64.whl (4.9 MB)
   â”â”â”â”â”â”â”â”â”â”â”â”â”â”â”â”â”â”â”â”â”â”â”â”â”â”â”â”â”â”â”â”â”â”â”â”â”â”â”â” 4.9/4.9 MB 2.2 MB/s  0:00:02
Downloading kiwisolver-1.4.9-cp312-cp312-manylinux2014_x86_64.manylinux_2_17_x86_64.whl (1.5 MB)
   â”â”â”â”â”â”â”â”â”â”â”â”â”â”â”â”â”â”â”â”â”â”â”â”â”â”â”â”â”â”â”â”â”â”â”â”â”â”â”â” 1.5/1.5 MB 2.4 MB/s  0:00:00
Downloading packaging-25.0-py3-none-any.whl (66 kB)
Downloading pillow-12.0.0-cp312-cp312-manylinux_2_27_x86_64.manylinux_2_28_x86_64.whl (7.0 MB)
   â”â”â”â”â”â”â”â”â”â”â”â”â”â”â”â”â”â”â”â”â”â”â”â”â”â”â”â”â”â”â”â”â”â”â”â”â”â”â”â” 7.0/7.0 MB 2.7 MB/s  0:00:02
Downloading pyparsing-3.2.5-py3-none-any.whl (113 kB)
Downloading python_dateutil-2.9.0.post0-py2.py3-none-any.whl (229 kB)
Downloading pytz-2025.2-py2.py3-none-any.whl (509 kB)
Downloading six-1.17.0-py2.py3-none-any.whl (11 kB)
Downloading tzdata-2025.2-py2.py3-none-any.whl (347 kB)
Installing collected packages: pytz, tzdata, six, pyparsing, pillow, packaging, numpy, kiwisolver, fonttools, cycler, python-dateutil, contourpy, pandas, matplotlib

Successfully installed contourpy-1.3.3 cycler-0.12.1 fonttools-4.60.1 kiwisolver-1.4.9 matplotlib-3.10.7 numpy-2.3.4 packaging-25.0 pandas-2.3.3 pillow-12.0.0 pyparsing-3.2.5 python-dateutil-2.9.0.post0 pytz-2025.2 six-1.17.0 tzdata-2025.2
[0;32m[SUCCESS][0m Python packages installed successfully.
[0;32m[SUCCESS][0m Setup done and dusted!
[0;36m[INFO][0m Initializing project setup...
[0;36m[INFO][0m Checking for virtual environment...
[0;36m[INFO][0m Virtual environment found. Activating now...
[0;32m[SUCCESS][0m Activated existing virtual environment.
[0;36m[INFO][0m Upgrading pip to the latest version...
Requirement already satisfied: pip in ./.venv/lib/python3.12/site-packages (25.3)
[0;32m[SUCCESS][0m Pip has been upgraded.
[1;33m[WARNING][0m .gitignore already exists.
[0;36m[INFO][0m Installing required Python packages (numpy, pandas and matplotlib)...
Requirement already satisfied: numpy in ./.venv/lib/python3.12/site-packages (2.3.4)
Requirement already satisfied: pandas in ./.venv/lib/python3.12/site-packages (2.3.3)
Requirement already satisfied: matplotlib in ./.venv/lib/python3.12/site-packages (3.10.7)
Requirement already satisfied: python-dateutil>=2.8.2 in ./.venv/lib/python3.12/site-packages (from pandas) (2.9.0.post0)
Requirement already satisfied: pytz>=2020.1 in ./.venv/lib/python3.12/site-packages (from pandas) (2025.2)
Requirement already satisfied: tzdata>=2022.7 in ./.venv/lib/python3.12/site-packages (from pandas) (2025.2)
Requirement already satisfied: contourpy>=1.0.1 in ./.venv/lib/python3.12/site-packages (from matplotlib) (1.3.3)
Requirement already satisfied: cycler>=0.10 in ./.venv/lib/python3.12/site-packages (from matplotlib) (0.12.1)
Requirement already satisfied: fonttools>=4.22.0 in ./.venv/lib/python3.12/site-packages (from matplotlib) (4.60.1)
Requirement already satisfied: kiwisolver>=1.3.1 in ./.venv/lib/python3.12/site-packages (from matplotlib) (1.4.9)
Requirement already satisfied: packaging>=20.0 in ./.venv/lib/python3.12/site-packages (from matplotlib) (25.0)
Requirement already satisfied: pillow>=8 in ./.venv/lib/python3.12/site-packages (from matplotlib) (12.0.0)
Requirement already satisfied: pyparsing>=3 in ./.venv/lib/python3.12/site-packages (from matplotlib) (3.2.5)
Requirement already satisfied: six>=1.5 in ./.venv/lib/python3.12/site-packages (from python-dateutil>=2.8.2->pandas) (1.17.0)
[0;32m[SUCCESS][0m Python packages installed successfully.
[0;32m[SUCCESS][0m Setup done and dusted!
[0;36m[INFO][0m Initializing project setup...
[0;36m[INFO][0m Checking for virtual environment...
[0;36m[INFO][0m Virtual environment found. Activating now...
[0;32m[SUCCESS][0m Activated existing virtual environment.
[0;36m[INFO][0m Upgrading pip to the latest version...
Requirement already satisfied: pip in ./.venv/lib/python3.12/site-packages (25.3)
[0;32m[SUCCESS][0m Pip has been upgraded.
[1;33m[WARNING][0m .gitignore already exists.
[0;36m[INFO][0m Installing required Python packages (numpy, pandas and matplotlib)...
Requirement already satisfied: numpy in ./.venv/lib/python3.12/site-packages (from -r requirements.txt (line 1)) (2.3.4)
Requirement already satisfied: pandas in ./.venv/lib/python3.12/site-packages (from -r requirements.txt (line 2)) (2.3.3)
Requirement already satisfied: matplotlib in ./.venv/lib/python3.12/site-packages (from -r requirements.txt (line 3)) (3.10.7)
Requirement already satisfied: python-dateutil>=2.8.2 in ./.venv/lib/python3.12/site-packages (from pandas->-r requirements.txt (line 2)) (2.9.0.post0)
Requirement already satisfied: pytz>=2020.1 in ./.venv/lib/python3.12/site-packages (from pandas->-r requirements.txt (line 2)) (2025.2)
Requirement already satisfied: tzdata>=2022.7 in ./.venv/lib/python3.12/site-packages (from pandas->-r requirements.txt (line 2)) (2025.2)
Requirement already satisfied: contourpy>=1.0.1 in ./.venv/lib/python3.12/site-packages (from matplotlib->-r requirements.txt (line 3)) (1.3.3)
Requirement already satisfied: cycler>=0.10 in ./.venv/lib/python3.12/site-packages (from matplotlib->-r requirements.txt (line 3)) (0.12.1)
Requirement already satisfied: fonttools>=4.22.0 in ./.venv/lib/python3.12/site-packages (from matplotlib->-r requirements.txt (line 3)) (4.60.1)
Requirement already satisfied: kiwisolver>=1.3.1 in ./.venv/lib/python3.12/site-packages (from matplotlib->-r requirements.txt (line 3)) (1.4.9)
Requirement already satisfied: packaging>=20.0 in ./.venv/lib/python3.12/site-packages (from matplotlib->-r requirements.txt (line 3)) (25.0)
Requirement already satisfied: pillow>=8 in ./.venv/lib/python3.12/site-packages (from matplotlib->-r requirements.txt (line 3)) (12.0.0)
Requirement already satisfied: pyparsing>=3 in ./.venv/lib/python3.12/site-packages (from matplotlib->-r requirements.txt (line 3)) (3.2.5)
Requirement already satisfied: six>=1.5 in ./.venv/lib/python3.12/site-packages (from python-dateutil>=2.8.2->pandas->-r requirements.txt (line 2)) (1.17.0)
[0;32m[SUCCESS][0m Python packages installed successfully.
[0;32m[SUCCESS][0m Setup done and dusted!
